Base path: /Applications/Unity/Hub/Editor/2018.3.0b1/Unity.app/Contents
Cmd: initializeCompiler
Cmd: compileComputeKernel
  api=4 insize=7330 outsize=9833 ok=1
Cmd: compileComputeKernel
  api=4 insize=5004 outsize=5397 ok=1
Cmd: compileComputeKernel
  api=4 insize=9166 outsize=8677 ok=1
Cmd: compileComputeKernel
  api=4 insize=1470 outsize=577 ok=1
Cmd: compileComputeKernel
  api=4 insize=654 outsize=573 ok=1
Cmd: compileComputeKernel
  api=4 insize=16784 outsize=5425 ok=1
Cmd: compileComputeKernel
  api=4 insize=16784 outsize=6817 ok=1
Cmd: compileComputeKernel
  api=4 insize=16784 outsize=5929 ok=1
Cmd: compileComputeKernel
  api=4 insize=16784 outsize=7321 ok=1
Cmd: compileComputeKernel
  api=4 insize=16784 outsize=7485 ok=1
Cmd: compileComputeKernel
  api=4 insize=16784 outsize=9453 ok=1
Cmd: compileComputeKernel
  api=4 insize=16784 outsize=8317 ok=1
Cmd: compileComputeKernel
  api=4 insize=16784 outsize=9977 ok=1
Cmd: compileComputeKernel
  api=4 insize=16784 outsize=8269 ok=1
Cmd: compileComputeKernel
  api=4 insize=16784 outsize=7765 ok=1
Cmd: compileComputeKernel
  api=4 insize=16784 outsize=8849 ok=1
Cmd: compileComputeKernel
  api=4 insize=16784 outsize=9941 ok=1
Cmd: compileComputeKernel
  api=4 insize=16784 outsize=8277 ok=1
Cmd: compileComputeKernel
  api=4 insize=16784 outsize=9261 ok=1
Cmd: compileComputeKernel
  api=4 insize=16784 outsize=11229 ok=1
Cmd: initializeCompiler
Cmd: initializeCompiler
Cmd: initializeCompiler
Cmd: initializeCompiler
Cmd: initializeCompiler
Cmd: initializeCompiler
Cmd: initializeCompiler

Quitting shader compiler process
